SF:lib/src/open_meteo_api_client.dart
DA:25,1
DA:26,1
DA:34,1
DA:35,1
DA:38,1
DA:41,2
DA:43,2
DA:44,1
DA:47,2
DA:49,2
DA:51,1
DA:53,2
DA:55,2
DA:59,1
DA:63,2
DA:64,1
DA:65,1
DA:69,2
DA:71,2
DA:72,1
DA:75,2
DA:77,1
DA:78,1
DA:81,1
DA:83,1
LF:25
LH:25
end_of_record
SF:lib/src/models/location.dart
DA:7,2
DA:20,4
LF:2
LH:2
end_of_record
SF:lib/src/models/location.g.dart
DA:11,4
DA:14,2
DA:15,2
DA:16,4
DA:17,4
DA:18,6
DA:19,6
LF:7
LH:7
end_of_record
SF:lib/src/models/weather.dart
DA:7,2
DA:9,2
DA:10,2
LF:3
LH:3
end_of_record
SF:lib/src/models/weather.g.dart
DA:11,4
DA:14,2
DA:15,2
DA:17,6
DA:19,6
LF:5
LH:5
end_of_record
